<?xml version="1.0" encoding="UTF-8"?>
<!-- Generated by org.testng.reporters.JUnitReportReporter -->
<testsuite hostname="EC2AMAZ-EHR6SVV" failures="0" tests="1" name="com.notes.CreateNoteUsingFileCallingBaseClass" time="0.464" errors="0" timestamp="2024-12-20T11:54:26 IST" skipped="0">
  <testcase classname="com.notes.CreateNoteUsingFileCallingBaseClass" name="createNotes" time="0.464"/>
  <system-out/>
</testsuite> <!-- com.notes.CreateNoteUsingFileCallingBaseClass -->
