<?xml version="1.0" encoding="UTF-8"?>
<!-- Generated by org.testng.reporters.JUnitReportReporter -->
<testsuite hostname="EC2AMAZ-EHR6SVV" failures="0" tests="1" name="com.notes.Delete_All_Notes_Before_Creating" time="0.452" errors="0" timestamp="2024-12-20T12:27:44 IST" skipped="0">
  <testcase classname="com.notes.Delete_All_Notes_Before_Creating" name="createNotes" time="0.452"/>
  <system-out/>
</testsuite> <!-- com.notes.Delete_All_Notes_Before_Creating -->
