<?xml version="1.0" encoding="UTF-8"?>
<!-- Generated by org.testng.reporters.JUnitReportReporter -->
<testsuite hostname="EC2AMAZ-EHR6SVV" failures="0" tests="1" name="com.countries.RetrieveCountryJSON" time="2.812" errors="0" timestamp="2024-12-19T11:46:37 IST" skipped="0">
  <testcase classname="com.countries.RetrieveCountryJSON" name="retrieveCountry" time="2.812"/>
  <system-out/>
</testsuite> <!-- com.countries.RetrieveCountryJSON -->
