<?xml version="1.0" encoding="UTF-8"?>
<!-- Generated by org.testng.reporters.JUnitReportReporter -->
<testsuite hostname="EC2AMAZ-EHR6SVV" failures="0" tests="1" name="com.countries.RetrieveCountry" time="0.431" errors="0" timestamp="2024-12-24T09:07:20 IST" skipped="0">
  <testcase classname="com.countries.RetrieveCountry" name="retrieveCountry" time="0.431"/>
  <system-out/>
</testsuite> <!-- com.countries.RetrieveCountry -->
