<?xml version="1.0" encoding="UTF-8"?>
<!-- Generated by org.testng.reporters.JUnitReportReporter -->
<testsuite hostname="EC2AMAZ-EHR6SVV" failures="0" tests="1" name="com.notes.Create_Notes_Calling_Base_Class" time="0.469" errors="0" timestamp="2024-12-20T09:42:42 IST" skipped="0">
  <testcase classname="com.notes.Create_Notes_Calling_Base_Class" name="createNotes" time="0.469"/>
  <system-out/>
</testsuite> <!-- com.notes.Create_Notes_Calling_Base_Class -->
