<?xml version="1.0" encoding="UTF-8"?>
<!-- Generated by org.testng.reporters.JUnitReportReporter -->
<testsuite hostname="EC2AMAZ-EHR6SVV" failures="0" tests="4" name="com.notes.All_SOAP_Requests" time="4.626" errors="0" timestamp="2024-12-24T10:02:39 IST" skipped="0">
  <testcase classname="com.notes.All_SOAP_Requests" name="post_operation" time="0.596"/>
  <system-out/>
  <testcase classname="com.notes.All_SOAP_Requests" name="post_operation" time="2.789"/>
  <system-out/>
  <testcase classname="com.notes.All_SOAP_Requests" name="post_operation" time="0.637"/>
  <system-out/>
  <testcase classname="com.notes.All_SOAP_Requests" name="post_operation" time="0.604"/>
  <system-out/>
</testsuite> <!-- com.notes.All_SOAP_Requests -->
