<?xml version="1.0" encoding="UTF-8"?>
<!-- Generated by org.testng.reporters.JUnitReportReporter -->
<testsuite hostname="EC2AMAZ-EHR6SVV" failures="0" tests="2" name="com.notes.Update_Note" time="0.883" errors="0" timestamp="2024-12-24T09:07:20 IST" skipped="0">
  <testcase classname="com.notes.Update_Note" name="createNotes" time="0.443"/>
  <system-out/>
  <testcase classname="com.notes.Update_Note" name="updateNotes" time="0.440"/>
  <system-out/>
</testsuite> <!-- com.notes.Update_Note -->
