<?xml version="1.0" encoding="UTF-8"?>
<!-- Generated by org.testng.reporters.JUnitReportReporter -->
<testsuite hostname="EC2AMAZ-EHR6SVV" failures="0" tests="3" name="com.notes.CreateNoteAllPositiveTCs" time="1.326" errors="0" timestamp="2024-12-24T09:07:20 IST" skipped="0">
  <testcase classname="com.notes.CreateNoteAllPositiveTCs" name="createNotes_TCS" time="0.438"/>
  <system-out/>
  <testcase classname="com.notes.CreateNoteAllPositiveTCs" name="createNotes_TCS" time="0.433"/>
  <system-out/>
  <testcase classname="com.notes.CreateNoteAllPositiveTCs" name="createNotes_TCS" time="0.455"/>
  <system-out/>
</testsuite> <!-- com.notes.CreateNoteAllPositiveTCs -->
