<?xml version="1.0" encoding="UTF-8"?>
<!-- Generated by org.testng.reporters.JUnitReportReporter -->
<testsuite hostname="EC2AMAZ-EHR6SVV" failures="0" tests="1" name="com.countries.Default_Country" time="0.432" errors="0" timestamp="2024-12-24T09:07:20 IST" skipped="0">
  <testcase classname="com.countries.Default_Country" name="getDefaultCountry" time="0.432"/>
  <system-out/>
</testsuite> <!-- com.countries.Default_Country -->
