<?xml version="1.0" encoding="UTF-8"?>
<!-- Generated by org.testng.reporters.JUnitReportReporter -->
<testsuite hostname="EC2AMAZ-EHR6SVV" failures="0" tests="2" name="com.notes.Update_Notes" time="1.001" errors="0" timestamp="2024-12-19T12:54:05 IST" skipped="0">
  <testcase classname="com.notes.Update_Notes" name="createNotes" time="0.487"/>
  <system-out/>
  <testcase classname="com.notes.Update_Notes" name="updateNotes" time="0.514"/>
  <system-out/>
</testsuite> <!-- com.notes.Update_Notes -->
