<?xml version="1.0" encoding="UTF-8"?>
<!-- Generated by org.testng.reporters.JUnitReportReporter -->
<testsuite hostname="EC2AMAZ-EHR6SVV" failures="0" tests="1" name="com.notes.Create_Notes" time="0.466" errors="0" timestamp="2024-12-19T12:54:50 IST" skipped="0">
  <testcase classname="com.notes.Create_Notes" name="createNotes" time="0.466"/>
  <system-out/>
</testsuite> <!-- com.notes.Create_Notes -->
