<?xml version="1.0" encoding="UTF-8"?>
<!-- Generated by org.testng.reporters.JUnitReportReporter -->
<testsuite hostname="EC2AMAZ-EHR6SVV" failures="0" tests="3" name="com.notes.CreateNoteExtentReport" time="1.455" errors="0" timestamp="2024-12-23T10:48:27 IST" skipped="0">
  <testcase classname="com.notes.CreateNoteExtentReport" name="createNotes" time="0.533"/>
  <system-out/>
  <testcase classname="com.notes.CreateNoteExtentReport" name="updateNotes" time="0.482"/>
  <system-out/>
  <testcase classname="com.notes.CreateNoteExtentReport" name="DeleteNotes" time="0.440"/>
  <system-out/>
</testsuite> <!-- com.notes.CreateNoteExtentReport -->
