<?xml version="1.0" encoding="UTF-8"?>
<!-- Generated by org.testng.reporters.JUnitReportReporter -->
<testsuite hostname="EC2AMAZ-EHR6SVV" failures="0" tests="3" name="com.notes.Delete_Note" time="1.442" errors="0" timestamp="2024-12-19T12:56:16 IST" skipped="0">
  <testcase classname="com.notes.Delete_Note" name="createNotes" time="0.518"/>
  <system-out/>
  <testcase classname="com.notes.Delete_Note" name="updateNotes" time="0.472"/>
  <system-out/>
  <testcase classname="com.notes.Delete_Note" name="deleteNotes" time="0.452"/>
  <system-out/>
</testsuite> <!-- com.notes.Delete_Note -->
