<?xml version="1.0" encoding="UTF-8"?>
<!-- Generated by org.testng.reporters.JUnitReportReporter -->
<testsuite hostname="EC2AMAZ-EHR6SVV" failures="0" tests="1" name="com.notes.Create_Token" time="3.390" errors="0" timestamp="2024-12-19T12:05:36 IST" skipped="0">
  <testcase classname="com.notes.Create_Token" name="getToken" time="3.390"/>
  <system-out/>
</testsuite> <!-- com.notes.Create_Token -->
