<?xml version="1.0" encoding="UTF-8"?>
<!-- Generated by org.testng.reporters.JUnitReportReporter -->
<testsuite hostname="EC2AMAZ-EHR6SVV" failures="0" tests="1" name="com.countries.RetrieveCountry" time="0.439" errors="0" timestamp="2024-12-24T12:09:06 IST" skipped="0">
  <testcase classname="com.countries.RetrieveCountry" name="retrieveCountry" time="0.439"/>
</testsuite> <!-- com.countries.RetrieveCountry -->
